This is XeTeX, Version 3.14159265-2.6-0.99998 (TeX Live 2017) (preloaded format=xelatex 2018.2.14)  20 MAY 2018 22:11
entering extended mode
 restricted \write18 enabled.
 %&-line parsing enabled.
**section2.2.tex
(./section2.2.tex
LaTeX2e <2017-04-15>
Babel <3.10> and hyphenation patterns for 84 language(s) loaded.
! Undefined control sequence.
l.1 \section
            { æ»•ç‹é˜åº}
The control sequence at the end of the top line
of your error message was never \def'ed. If you have
misspelled it (e.g., `\hobx'), type `I' and the correct
spelling (e.g., `I\hbox'). Otherwise just continue,
and I'll forget about whatever was undefined.


! LaTeX Error: Missing \begin{document}.

See the LaTeX manual or LaTeX Companion for explanation.
Type  H <return>  for immediate help.
 ...                                              
                                                  
l.1 \section{ æ»•
                 ç‹é˜åº}
You're in trouble here.  Try typing  <return>  to proceed.
If that doesn't work, type  X <return>  to quit.

Missing character: There is no æ»• in font nullfont!
Missing character: There is no ç‹ in font nullfont!
Missing character: There is no é˜ in font nullfont!
Missing character: There is no åº in font nullfont!
Missing character: There is no è±« in font nullfont!
Missing character: There is no ç«  in font nullfont!
Missing character: There is no æ•… in font nullfont!
Missing character: There is no éƒ¡ in font nullfont!
Missing character: There is no ï¼Œ in font nullfont!
Missing character: There is no æ´ª in font nullfont!
Missing character: There is no éƒ½ in font nullfont!
Missing character: There is no æ–° in font nullfont!
Missing character: There is no åºœ in font nullfont!
Missing character: There is no ã€‚ in font nullfont!
Missing character: There is no æ˜Ÿ in font nullfont!
Missing character: There is no åˆ† in font nullfont!
Missing character: There is no ç¿¼ in font nullfont!
Missing character: There is no è½¸ in font nullfont!
Missing character: There is no ï¼Œ in font nullfont!
Missing character: There is no åœ° in font nullfont!
Missing character: There is no æ¥ in font nullfont!
Missing character: There is no è¡¡ in font nullfont!
Missing character: There is no åº in font nullfont!
Missing character: There is no ã€‚ in font nullfont!
Missing character: There is no è¥Ÿ in font nullfont!
Missing character: There is no ä¸‰ in font nullfont!
Missing character: There is no æ±Ÿ in font nullfont!
Missing character: There is no è€Œ in font nullfont!
Missing character: There is no å¸¦ in font nullfont!
Missing character: There is no äº” in font nullfont!
Missing character: There is no æ¹– in font nullfont!
Missing character: There is no ï¼Œ in font nullfont!
Missing character: There is no æ§ in font nullfont!
Missing character: There is no è›® in font nullfont!
Missing character: There is no è† in font nullfont!
Missing character: There is no è€Œ in font nullfont!
Missing character: There is no å¼• in font nullfont!
Missing character: There is no ç“¯ in font nullfont!
Missing character: There is no è¶Š in font nullfont!
Missing character: There is no ã€‚ in font nullfont!
Missing character: There is no ç‰© in font nullfont!
Missing character: There is no å in font nullfont!
Missing character: There is no å¤© in font nullfont!
Missing character: There is no å® in font nullfont!
Missing character: There is no ï¼Œ in font nullfont!
Missing character: There is no é¾™ in font nullfont!
Missing character: There is no å…‰ in font nullfont!
Missing character: There is no å°„ in font nullfont!
Missing character: There is no ç‰› in font nullfont!
Missing character: There is no æ–— in font nullfont!
Missing character: There is no ä¹‹ in font nullfont!
Missing character: There is no å¢Ÿ in font nullfont!
Missing character: There is no ï¼› in font nullfont!
Missing character: There is no äºº in font nullfont!
Missing character: There is no æ° in font nullfont!
Missing character: There is no åœ° in font nullfont!
Missing character: There is no çµ in font nullfont!
Missing character: There is no ï¼Œ in font nullfont!
Missing character: There is no å¾ in font nullfont!
Missing character: There is no å­º in font nullfont!
Missing character: There is no ä¸‹ in font nullfont!
Missing character: There is no é™ˆ in font nullfont!
Missing character: There is no è•ƒ in font nullfont!
Missing character: There is no ä¹‹ in font nullfont!
Missing character: There is no æ¦» in font nullfont!
Missing character: There is no ã€‚ in font nullfont!
Missing character: There is no é›„ in font nullfont!
Missing character: There is no å· in font nullfont!
Missing character: There is no é›¾ in font nullfont!
Missing character: There is no åˆ— in font nullfont!
Missing character: There is no ï¼Œ in font nullfont!
Missing character: There is no ä¿Š in font nullfont!
Missing character: There is no é‡‡ in font nullfont!
Missing character: There is no æ˜Ÿ in font nullfont!
Missing character: There is no é©° in font nullfont!
Missing character: There is no ã€‚ in font nullfont!
Missing character: There is no å° in font nullfont!
Missing character: There is no éš in font nullfont!
Missing character: There is no æ• in font nullfont!
Missing character: There is no å¤· in font nullfont!
Missing character: There is no å¤ in font nullfont!
Missing character: There is no ä¹‹ in font nullfont!
Missing character: There is no äº¤ in font nullfont!
Missing character: There is no ï¼Œ in font nullfont!
Missing character: There is no å®¾ in font nullfont!
Missing character: There is no ä¸» in font nullfont!
Missing character: There is no å°½ in font nullfont!
Missing character: There is no ä¸œ in font nullfont!
Missing character: There is no å— in font nullfont!
Missing character: There is no ä¹‹ in font nullfont!
Missing character: There is no ç¾ in font nullfont!
Missing character: There is no ã€‚ in font nullfont!
Missing character: There is no éƒ½ in font nullfont!
Missing character: There is no ç£ in font nullfont!
Missing character: There is no é˜ in font nullfont!
Missing character: There is no å…¬ in font nullfont!
Missing character: There is no ä¹‹ in font nullfont!
Missing character: There is no é›… in font nullfont!
Missing character: There is no æœ› in font nullfont!
Missing character: There is no ï¼Œ in font nullfont!
Missing character: There is no æ£¨ in font nullfont!
Missing character: There is no æˆŸ in font nullfont!
Missing character: There is no é¥ in font nullfont!
Missing character: There is no ä¸´ in font nullfont!
Missing character: There is no ï¼› in font nullfont!
Missing character: There is no å®‡ in font nullfont!
Missing character: There is no æ–‡ in font nullfont!
Missing character: There is no æ–° in font nullfont!
Missing character: There is no å· in font nullfont!
Missing character: There is no ä¹‹ in font nullfont!
Missing character: There is no æ‡¿ in font nullfont!
Missing character: There is no èŒƒ in font nullfont!
Missing character: There is no ï¼Œ in font nullfont!
Missing character: There is no è¥œ in font nullfont!
Missing character: There is no å¸· in font nullfont!
Missing character: There is no æš‚ in font nullfont!
Missing character: There is no é©» in font nullfont!
Missing character: There is no ã€‚ in font nullfont!
Missing character: There is no å in font nullfont!
Missing character: There is no æ—¬ in font nullfont!
Missing character: There is no ä¼‘ in font nullfont!
Missing character: There is no å‡ in font nullfont!
Missing character: There is no ï¼Œ in font nullfont!
Missing character: There is no èƒœ in font nullfont!
Missing character: There is no å‹ in font nullfont!
Missing character: There is no å¦‚ in font nullfont!
Missing character: There is no äº‘ in font nullfont!
Missing character: There is no ï¼› in font nullfont!
Missing character: There is no åƒ in font nullfont!
Missing character: There is no é‡Œ in font nullfont!
Missing character: There is no é€¢ in font nullfont!
Missing character: There is no è¿ in font nullfont!
Missing character: There is no ï¼Œ in font nullfont!
Missing character: There is no é«˜ in font nullfont!
Missing character: There is no æœ‹ in font nullfont!
Missing character: There is no æ»¡ in font nullfont!
Missing character: There is no åº§ in font nullfont!
Missing character: There is no ã€‚ in font nullfont!
Missing character: There is no è…¾ in font nullfont!
Missing character: There is no è›Ÿ in font nullfont!
Missing character: There is no èµ· in font nullfont!
Missing character: There is no å‡¤ in font nullfont!
Missing character: There is no ï¼Œ in font nullfont!
Missing character: There is no å­Ÿ in font nullfont!
Missing character: There is no å­¦ in font nullfont!
Missing character: There is no å£« in font nullfont!
Missing character: There is no ä¹‹ in font nullfont!
Missing character: There is no è¯ in font nullfont!
Missing character: There is no å®— in font nullfont!
Missing character: There is no ï¼› in font nullfont!
Missing character: There is no ç´« in font nullfont!
Missing character: There is no ç”µ in font nullfont!
Missing character: There is no é’ in font nullfont!
Missing character: There is no éœœ in font nullfont!
Missing character: There is no ï¼Œ in font nullfont!
Missing character: There is no ç‹ in font nullfont!
Missing character: There is no å°† in font nullfont!
Missing character: There is no å†› in font nullfont!
Missing character: There is no ä¹‹ in font nullfont!
Missing character: There is no æ­¦ in font nullfont!
Missing character: There is no åº“ in font nullfont!
Missing character: There is no ã€‚ in font nullfont!
Missing character: There is no å®¶ in font nullfont!
Missing character: There is no å› in font nullfont!
Missing character: There is no ä½œ in font nullfont!
Missing character: There is no å®° in font nullfont!
Missing character: There is no ï¼Œ in font nullfont!
Missing character: There is no è·¯ in font nullfont!
Missing character: There is no å‡º in font nullfont!
Missing character: There is no å in font nullfont!
Missing character: There is no åŒº in font nullfont!
Missing character: There is no ï¼› in font nullfont!
Missing character: There is no ç«¥ in font nullfont!
Missing character: There is no å­ in font nullfont!
Missing character: There is no ä½• in font nullfont!
Missing character: There is no çŸ¥ in font nullfont!
Missing character: There is no ï¼Œ in font nullfont!
Missing character: There is no èº¬ in font nullfont!
Missing character: There is no é€¢ in font nullfont!
Missing character: There is no èƒœ in font nullfont!
Missing character: There is no é¥¯ in font nullfont!
Missing character: There is no ã€‚ in font nullfont!

Overfull \hbox (20.0pt too wide) in paragraph at lines 1--3
[]
 []


! LaTeX Error: Missing \begin{document}.

See the LaTeX manual or LaTeX Companion for explanation.
Type  H <return>  for immediate help.
 ...                                              
                                                  
l.4 æ—¶
       ç»´ä¹æœˆï¼Œåºå±ä¸‰ç§‹ã€‚æ½¦æ°´å°½è€Œå¯’æ½­æ¸…ï¼ŒçƒŸå…‰å‡è€Œæš®å±±...

You're in trouble here.  Try typing  <return>  to proceed.
If that doesn't work, type  X <return>  to quit.

Missing character: There is no æ—¶ in font nullfont!
Missing character: There is no ç»´ in font nullfont!
Missing character: There is no ä¹ in font nullfont!
Missing character: There is no æœˆ in font nullfont!
Missing character: There is no ï¼Œ in font nullfont!
Missing character: There is no åº in font nullfont!
Missing character: There is no å± in font nullfont!
Missing character: There is no ä¸‰ in font nullfont!
Missing character: There is no ç§‹ in font nullfont!
Missing character: There is no ã€‚ in font nullfont!
Missing character: There is no æ½¦ in font nullfont!
Missing character: There is no æ°´ in font nullfont!
Missing character: There is no å°½ in font nullfont!
Missing character: There is no è€Œ in font nullfont!
Missing character: There is no å¯’ in font nullfont!
Missing character: There is no æ½­ in font nullfont!
Missing character: There is no æ¸… in font nullfont!
Missing character: There is no ï¼Œ in font nullfont!
Missing character: There is no çƒŸ in font nullfont!
Missing character: There is no å…‰ in font nullfont!
Missing character: There is no å‡ in font nullfont!
Missing character: There is no è€Œ in font nullfont!
Missing character: There is no æš® in font nullfont!
Missing character: There is no å±± in font nullfont!
Missing character: There is no ç´« in font nullfont!
Missing character: There is no ã€‚ in font nullfont!
Missing character: There is no ä¿¨ in font nullfont!
Missing character: There is no éª– in font nullfont!
Missing character: There is no é¨‘ in font nullfont!
Missing character: There is no äº in font nullfont!
Missing character: There is no ä¸Š in font nullfont!
Missing character: There is no è·¯ in font nullfont!
Missing character: There is no ï¼Œ in font nullfont!
Missing character: There is no è®¿ in font nullfont!
Missing character: There is no é£ in font nullfont!
Missing character: There is no æ™¯ in font nullfont!
Missing character: There is no äº in font nullfont!
Missing character: There is no å´‡ in font nullfont!
Missing character: There is no é˜¿ in font nullfont!
Missing character: There is no ã€‚ in font nullfont!
Missing character: There is no ä¸´ in font nullfont!
Missing character: There is no å¸ in font nullfont!
Missing character: There is no å­ in font nullfont!
Missing character: There is no ä¹‹ in font nullfont!
Missing character: There is no é•¿ in font nullfont!
Missing character: There is no æ´² in font nullfont!
Missing character: There is no ï¼Œ in font nullfont!
Missing character: There is no å¾— in font nullfont!
Missing character: There is no ä»™ in font nullfont!
Missing character: There is no äºº in font nullfont!
Missing character: There is no ä¹‹ in font nullfont!
Missing character: There is no æ—§ in font nullfont!
Missing character: There is no é¦† in font nullfont!
Missing character: There is no ã€‚ in font nullfont!
Missing character: There is no å±‚ in font nullfont!
Missing character: There is no å³¦ in font nullfont!
Missing character: There is no è€¸ in font nullfont!
Missing character: There is no ç¿  in font nullfont!
Missing character: There is no ï¼Œ in font nullfont!
Missing character: There is no ä¸Š in font nullfont!
Missing character: There is no å‡º in font nullfont!
Missing character: There is no é‡ in font nullfont!
Missing character: There is no éœ„ in font nullfont!
Missing character: There is no ï¼› in font nullfont!
Missing character: There is no é£ in font nullfont!
Missing character: There is no é˜ in font nullfont!
Missing character: There is no æµ in font nullfont!
Missing character: There is no ä¸¹ in font nullfont!
Missing character: There is no ï¼Œ in font nullfont!
Missing character: There is no ä¸‹ in font nullfont!
Missing character: There is no ä¸´ in font nullfont!
Missing character: There is no æ—  in font nullfont!
Missing character: There is no åœ° in font nullfont!
Missing character: There is no ã€‚ in font nullfont!
Missing character: There is no é¹¤ in font nullfont!
Missing character: There is no æ±€ in font nullfont!
Missing character: There is no å‡« in font nullfont!
Missing character: There is no æ¸š in font nullfont!
Missing character: There is no ï¼Œ in font nullfont!
Missing character: There is no ç©· in font nullfont!
Missing character: There is no å²› in font nullfont!
Missing character: There is no å±¿ in font nullfont!
Missing character: There is no ä¹‹ in font nullfont!
Missing character: There is no è¦ in font nullfont!
Missing character: There is no å› in font nullfont!
Missing character: There is no ï¼› in font nullfont!
Missing character: There is no æ¡‚ in font nullfont!
Missing character: There is no æ®¿ in font nullfont!
Missing character: There is no å…° in font nullfont!
Missing character: There is no å®« in font nullfont!
Missing character: There is no ï¼Œ in font nullfont!
Missing character: There is no å³ in font nullfont!
Missing character: There is no å†ˆ in font nullfont!
Missing character: There is no å³¦ in font nullfont!
Missing character: There is no ä¹‹ in font nullfont!
Missing character: There is no ä½“ in font nullfont!
Missing character: There is no åŠ¿ in font nullfont!
Missing character: There is no ã€‚ in font nullfont!

Overfull \hbox (20.0pt too wide) in paragraph at lines 4--5
[] 
 []


! LaTeX Error: Missing \begin{document}.

See the LaTeX manual or LaTeX Companion for explanation.
Type  H <return>  for immediate help.
 ...                                              
                                                  
l.6 æŠ«
       ç»£é—¼ï¼Œä¿¯é›•ç”ï¼Œå±±åŸæ—·å…¶ç›ˆè§†ï¼Œå·æ³½çº¡å…¶éª‡ç©ã€‚é—¾é˜...

You're in trouble here.  Try typing  <return>  to proceed.
If that doesn't work, type  X <return>  to quit.

Missing character: There is no æŠ« in font nullfont!
Missing character: There is no ç»£ in font nullfont!
Missing character: There is no é—¼ in font nullfont!
Missing character: There is no ï¼Œ in font nullfont!
Missing character: There is no ä¿¯ in font nullfont!
Missing character: There is no é›• in font nullfont!
Missing character: There is no ç” in font nullfont!
Missing character: There is no ï¼Œ in font nullfont!
Missing character: There is no å±± in font nullfont!
Missing character: There is no åŸ in font nullfont!
Missing character: There is no æ—· in font nullfont!
Missing character: There is no å…¶ in font nullfont!
Missing character: There is no ç›ˆ in font nullfont!
Missing character: There is no è§† in font nullfont!
Missing character: There is no ï¼Œ in font nullfont!
Missing character: There is no å· in font nullfont!
Missing character: There is no æ³½ in font nullfont!
Missing character: There is no çº¡ in font nullfont!
Missing character: There is no å…¶ in font nullfont!
Missing character: There is no éª‡ in font nullfont!
Missing character: There is no ç© in font nullfont!
Missing character: There is no ã€‚ in font nullfont!
Missing character: There is no é—¾ in font nullfont!
Missing character: There is no é˜ in font nullfont!
Missing character: There is no æ‰‘ in font nullfont!
Missing character: There is no åœ° in font nullfont!
Missing character: There is no ï¼Œ in font nullfont!
Missing character: There is no é’Ÿ in font nullfont!
Missing character: There is no é¸£ in font nullfont!
Missing character: There is no é¼ in font nullfont!
Missing character: There is no é£Ÿ in font nullfont!
Missing character: There is no ä¹‹ in font nullfont!
Missing character: There is no å®¶ in font nullfont!
Missing character: There is no ï¼› in font nullfont!
Missing character: There is no èˆ¸ in font nullfont!
Missing character: There is no èˆ° in font nullfont!
Missing character: There is no è¿· in font nullfont!
Missing character: There is no æ´¥ in font nullfont!
Missing character: There is no ï¼Œ in font nullfont!
Missing character: There is no é’ in font nullfont!
Missing character: There is no é›€ in font nullfont!
Missing character: There is no é»„ in font nullfont!
Missing character: There is no é¾™ in font nullfont!
Missing character: There is no ä¹‹ in font nullfont!
Missing character: There is no èˆ³ in font nullfont!
Missing character: There is no ã€‚ in font nullfont!
Missing character: There is no äº‘ in font nullfont!
Missing character: There is no é”€ in font nullfont!
Missing character: There is no é›¨ in font nullfont!
Missing character: There is no éœ in font nullfont!
Missing character: There is no ï¼Œ in font nullfont!
Missing character: There is no å½© in font nullfont!
Missing character: There is no å½» in font nullfont!
Missing character: There is no åŒº in font nullfont!
Missing character: There is no æ˜ in font nullfont!
Missing character: There is no ã€‚ in font nullfont!
Missing character: There is no è½ in font nullfont!
Missing character: There is no éœ in font nullfont!
Missing character: There is no ä¸ in font nullfont!
Missing character: There is no å­¤ in font nullfont!
Missing character: There is no é¹œ in font nullfont!
Missing character: There is no é½ in font nullfont!
Missing character: There is no é£ in font nullfont!
Missing character: There is no ï¼Œ in font nullfont!
Missing character: There is no ç§‹ in font nullfont!
Missing character: There is no æ°´ in font nullfont!
Missing character: There is no å…± in font nullfont!
Missing character: There is no é•¿ in font nullfont!
Missing character: There is no å¤© in font nullfont!
Missing character: There is no ä¸€ in font nullfont!
Missing character: There is no è‰² in font nullfont!
Missing character: There is no ã€‚ in font nullfont!
Missing character: There is no æ¸” in font nullfont!
Missing character: There is no èˆŸ in font nullfont!
Missing character: There is no å”± in font nullfont!
Missing character: There is no æ™š in font nullfont!
Missing character: There is no ï¼Œ in font nullfont!
Missing character: There is no å“ in font nullfont!
Missing character: There is no ç©· in font nullfont!
Missing character: There is no å½­ in font nullfont!
Missing character: There is no è ¡ in font nullfont!
Missing character: There is no ä¹‹ in font nullfont!
Missing character: There is no æ»¨ in font nullfont!
Missing character: There is no ï¼Œ in font nullfont!
Missing character: There is no é› in font nullfont!
Missing character: There is no é˜µ in font nullfont!
Missing character: There is no æƒŠ in font nullfont!
Missing character: There is no å¯’ in font nullfont!
Missing character: There is no ï¼Œ in font nullfont!
Missing character: There is no å£° in font nullfont!
Missing character: There is no æ–­ in font nullfont!
Missing character: There is no è¡¡ in font nullfont!
Missing character: There is no é˜³ in font nullfont!
Missing character: There is no ä¹‹ in font nullfont!
Missing character: There is no æµ¦ in font nullfont!
Missing character: There is no ã€‚ in font nullfont!

Overfull \hbox (20.0pt too wide) in paragraph at lines 6--7
[] 
 []


! LaTeX Error: Missing \begin{document}.

See the LaTeX manual or LaTeX Companion for explanation.
Type  H <return>  for immediate help.
 ...                                              
                                                  
l.8 é¥
       è¥Ÿç”«ç•…ï¼Œé€¸å…´é„é£ã€‚çˆ½ç±å‘è€Œæ¸…é£ç”Ÿï¼Œçº¤æ­Œå‡è€Œç™½äº‘...

You're in trouble here.  Try typing  <return>  to proceed.
If that doesn't work, type  X <return>  to quit.

Missing character: There is no é¥ in font nullfont!
Missing character: There is no è¥Ÿ in font nullfont!
Missing character: There is no ç”« in font nullfont!
Missing character: There is no ç•… in font nullfont!
Missing character: There is no ï¼Œ in font nullfont!
Missing character: There is no é€¸ in font nullfont!
Missing character: There is no å…´ in font nullfont!
Missing character: There is no é„ in font nullfont!
Missing character: There is no é£ in font nullfont!
Missing character: There is no ã€‚ in font nullfont!
Missing character: There is no çˆ½ in font nullfont!
Missing character: There is no ç± in font nullfont!
Missing character: There is no å‘ in font nullfont!
Missing character: There is no è€Œ in font nullfont!
Missing character: There is no æ¸… in font nullfont!
Missing character: There is no é£ in font nullfont!
Missing character: There is no ç”Ÿ in font nullfont!
Missing character: There is no ï¼Œ in font nullfont!
Missing character: There is no çº¤ in font nullfont!
Missing character: There is no æ­Œ in font nullfont!
Missing character: There is no å‡ in font nullfont!
Missing character: There is no è€Œ in font nullfont!
Missing character: There is no ç™½ in font nullfont!
Missing character: There is no äº‘ in font nullfont!
Missing character: There is no é in font nullfont!
Missing character: There is no ã€‚ in font nullfont!
Missing character: There is no ç¢ in font nullfont!
Missing character: There is no å›­ in font nullfont!
Missing character: There is no ç»¿ in font nullfont!
Missing character: There is no ç«¹ in font nullfont!
Missing character: There is no ï¼Œ in font nullfont!
Missing character: There is no æ°” in font nullfont!
Missing character: There is no å‡Œ in font nullfont!
Missing character: There is no å½­ in font nullfont!
Missing character: There is no æ³½ in font nullfont!
Missing character: There is no ä¹‹ in font nullfont!
Missing character: There is no æ¨½ in font nullfont!
Missing character: There is no ï¼› in font nullfont!
Missing character: There is no é‚º in font nullfont!
Missing character: There is no æ°´ in font nullfont!
Missing character: There is no æœ± in font nullfont!
Missing character: There is no å in font nullfont!
Missing character: There is no ï¼Œ in font nullfont!
Missing character: There is no å…‰ in font nullfont!
Missing character: There is no ç…§ in font nullfont!
Missing character: There is no ä¸´ in font nullfont!
Missing character: There is no å· in font nullfont!
Missing character: There is no ä¹‹ in font nullfont!
Missing character: There is no ç¬” in font nullfont!
Missing character: There is no ã€‚ in font nullfont!
Missing character: There is no å›› in font nullfont!
Missing character: There is no ç¾ in font nullfont!
Missing character: There is no å…· in font nullfont!
Missing character: There is no ï¼Œ in font nullfont!
Missing character: There is no äºŒ in font nullfont!
Missing character: There is no éš¾ in font nullfont!
Missing character: There is no å¹¶ in font nullfont!
Missing character: There is no ã€‚ in font nullfont!
Missing character: There is no ç©· in font nullfont!
Missing character: There is no ç‡ in font nullfont!
Missing character: There is no çœ„ in font nullfont!
Missing character: There is no äº in font nullfont!
Missing character: There is no ä¸­ in font nullfont!
Missing character: There is no å¤© in font nullfont!
Missing character: There is no ï¼Œ in font nullfont!
Missing character: There is no æ in font nullfont!
Missing character: There is no å¨± in font nullfont!
Missing character: There is no æ¸¸ in font nullfont!
Missing character: There is no äº in font nullfont!
Missing character: There is no æš‡ in font nullfont!
Missing character: There is no æ—¥ in font nullfont!
Missing character: There is no ã€‚ in font nullfont!
Missing character: There is no å¤© in font nullfont!
Missing character: There is no é«˜ in font nullfont!
Missing character: There is no åœ° in font nullfont!
Missing character: There is no è¿¥ in font nullfont!
Missing character: There is no ï¼Œ in font nullfont!
Missing character: There is no è§‰ in font nullfont!
Missing character: There is no å®‡ in font nullfont!
Missing character: There is no å®™ in font nullfont!
Missing character: There is no ä¹‹ in font nullfont!
Missing character: There is no æ—  in font nullfont!
Missing character: There is no ç©· in font nullfont!
Missing character: There is no ï¼› in font nullfont!
Missing character: There is no å…´ in font nullfont!
Missing character: There is no å°½ in font nullfont!
Missing character: There is no æ‚² in font nullfont!
Missing character: There is no æ¥ in font nullfont!
Missing character: There is no ï¼Œ in font nullfont!
Missing character: There is no è¯† in font nullfont!
Missing character: There is no ç›ˆ in font nullfont!
Missing character: There is no è™š in font nullfont!
Missing character: There is no ä¹‹ in font nullfont!
Missing character: There is no æœ‰ in font nullfont!
Missing character: There is no æ•° in font nullfont!
Missing character: There is no ã€‚ in font nullfont!
Missing character: There is no æœ› in font nullfont!
Missing character: There is no é•¿ in font nullfont!
Missing character: There is no å®‰ in font nullfont!
Missing character: There is no äº in font nullfont!
Missing character: There is no æ—¥ in font nullfont!
Missing character: There is no ä¸‹ in font nullfont!
Missing character: There is no ï¼Œ in font nullfont!
Missing character: There is no ç›® in font nullfont!
Missing character: There is no å´ in font nullfont!
Missing character: There is no ä¼š in font nullfont!
Missing character: There is no äº in font nullfont!
Missing character: There is no äº‘ in font nullfont!
Missing character: There is no é—´ in font nullfont!
Missing character: There is no ã€‚ in font nullfont!
Missing character: There is no åœ° in font nullfont!
Missing character: There is no åŠ¿ in font nullfont!
Missing character: There is no æ in font nullfont!
Missing character: There is no è€Œ in font nullfont!
Missing character: There is no å— in font nullfont!
Missing character: There is no æºŸ in font nullfont!
Missing character: There is no æ·± in font nullfont!
Missing character: There is no ï¼Œ in font nullfont!
Missing character: There is no å¤© in font nullfont!
Missing character: There is no æŸ± in font nullfont!
Missing character: There is no é«˜ in font nullfont!
Missing character: There is no è€Œ in font nullfont!
Missing character: There is no åŒ— in font nullfont!
Missing character: There is no è¾° in font nullfont!
Missing character: There is no è¿œ in font nullfont!
Missing character: There is no ã€‚ in font nullfont!
Missing character: There is no å…³ in font nullfont!
Missing character: There is no å±± in font nullfont!
Missing character: There is no éš¾ in font nullfont!
Missing character: There is no è¶Š in font nullfont!
Missing character: There is no ï¼Œ in font nullfont!
Missing character: There is no è° in font nullfont!
Missing character: There is no æ‚² in font nullfont!
Missing character: There is no å¤± in font nullfont!
Missing character: There is no è·¯ in font nullfont!
Missing character: There is no ä¹‹ in font nullfont!
Missing character: There is no äºº in font nullfont!
Missing character: There is no ï¼› in font nullfont!
Missing character: There is no è in font nullfont!
Missing character: There is no æ°´ in font nullfont!
Missing character: There is no ç›¸ in font nullfont!
Missing character: There is no é€¢ in font nullfont!
Missing character: There is no ï¼Œ in font nullfont!
Missing character: There is no å°½ in font nullfont!
Missing character: There is no æ˜¯ in font nullfont!
Missing character: There is no ä»– in font nullfont!
Missing character: There is no ä¹¡ in font nullfont!
Missing character: There is no ä¹‹ in font nullfont!
Missing character: There is no å®¢ in font nullfont!
Missing character: There is no ã€‚ in font nullfont!
Missing character: There is no æ€€ in font nullfont!
Missing character: There is no å¸ in font nullfont!
Missing character: There is no é˜ in font nullfont!
Missing character: There is no è€Œ in font nullfont!
Missing character: There is no ä¸ in font nullfont!
Missing character: There is no è§ in font nullfont!
Missing character: There is no ï¼Œ in font nullfont!
Missing character: There is no å¥‰ in font nullfont!
Missing character: There is no å®£ in font nullfont!
Missing character: There is no å®¤ in font nullfont!
Missing character: There is no ä»¥ in font nullfont!
Missing character: There is no ä½• in font nullfont!
Missing character: There is no å¹´ in font nullfont!
Missing character: There is no ï¼Ÿ in font nullfont!

Overfull \hbox (20.0pt too wide) in paragraph at lines 8--9
[] 
 []


! LaTeX Error: Missing \begin{document}.

See the LaTeX manual or LaTeX Companion for explanation.
Type  H <return>  for immediate help.
 ...                                              
                                                  
l.10 å—Ÿ
        ä¹ï¼æ—¶è¿ä¸é½ï¼Œå‘½é€”å¤šèˆ›ã€‚å†¯å”æ˜“è€ï¼Œæå¹¿éš¾å°ã€‚å±...

You're in trouble here.  Try typing  <return>  to proceed.
If that doesn't work, type  X <return>  to quit.

Missing character: There is no å—Ÿ in font nullfont!
Missing character: There is no ä¹ in font nullfont!
Missing character: There is no ï¼ in font nullfont!
Missing character: There is no æ—¶ in font nullfont!
Missing character: There is no è¿ in font nullfont!
Missing character: There is no ä¸ in font nullfont!
Missing character: There is no é½ in font nullfont!
Missing character: There is no ï¼Œ in font nullfont!
Missing character: There is no å‘½ in font nullfont!
Missing character: There is no é€” in font nullfont!
Missing character: There is no å¤š in font nullfont!
Missing character: There is no èˆ› in font nullfont!
Missing character: There is no ã€‚ in font nullfont!
Missing character: There is no å†¯ in font nullfont!
Missing character: There is no å” in font nullfont!
Missing character: There is no æ˜“ in font nullfont!
Missing character: There is no è€ in font nullfont!
Missing character: There is no ï¼Œ in font nullfont!
Missing character: There is no æ in font nullfont!
Missing character: There is no å¹¿ in font nullfont!
Missing character: There is no éš¾ in font nullfont!
Missing character: There is no å° in font nullfont!
Missing character: There is no ã€‚ in font nullfont!
Missing character: There is no å±ˆ in font nullfont!
Missing character: There is no è´¾ in font nullfont!
Missing character: There is no è°Š in font nullfont!
Missing character: There is no äº in font nullfont!
Missing character: There is no é•¿ in font nullfont!
Missing character: There is no æ²™ in font nullfont!
Missing character: There is no ï¼Œ in font nullfont!
Missing character: There is no é in font nullfont!
Missing character: There is no æ—  in font nullfont!
Missing character: There is no åœ£ in font nullfont!
Missing character: There is no ä¸» in font nullfont!
Missing character: There is no ï¼› in font nullfont!
Missing character: There is no çªœ in font nullfont!
Missing character: There is no æ¢ in font nullfont!
Missing character: There is no é¸¿ in font nullfont!
Missing character: There is no äº in font nullfont!
Missing character: There is no æµ· in font nullfont!
Missing character: There is no æ›² in font nullfont!
Missing character: There is no ï¼Œ in font nullfont!
Missing character: There is no å²‚ in font nullfont!
Missing character: There is no ä¹ in font nullfont!
Missing character: There is no æ˜ in font nullfont!
Missing character: There is no æ—¶ in font nullfont!
Missing character: There is no ï¼Ÿ in font nullfont!
Missing character: There is no æ‰€ in font nullfont!
Missing character: There is no èµ– in font nullfont!
Missing character: There is no å› in font nullfont!
Missing character: There is no å­ in font nullfont!
Missing character: There is no è§ in font nullfont!
Missing character: There is no æœº in font nullfont!
Missing character: There is no ï¼Œ in font nullfont!
Missing character: There is no è¾¾ in font nullfont!
Missing character: There is no äºº in font nullfont!
Missing character: There is no çŸ¥ in font nullfont!
Missing character: There is no å‘½ in font nullfont!
Missing character: There is no ã€‚ in font nullfont!
Missing character: There is no è€ in font nullfont!
Missing character: There is no å½“ in font nullfont!
Missing character: There is no ç›Š in font nullfont!
Missing character: There is no å£® in font nullfont!
Missing character: There is no ï¼Œ in font nullfont!
Missing character: There is no å® in font nullfont!
Missing character: There is no ç§» in font nullfont!
Missing character: There is no ç™½ in font nullfont!
Missing character: There is no é¦– in font nullfont!
Missing character: There is no ä¹‹ in font nullfont!
Missing character: There is no å¿ƒ in font nullfont!
Missing character: There is no ï¼Ÿ in font nullfont!
Missing character: There is no ç©· in font nullfont!
Missing character: There is no ä¸” in font nullfont!
Missing character: There is no ç›Š in font nullfont!
Missing character: There is no åš in font nullfont!
Missing character: There is no ï¼Œ in font nullfont!
Missing character: There is no ä¸ in font nullfont!
Missing character: There is no å  in font nullfont!
Missing character: There is no é’ in font nullfont!
Missing character: There is no äº‘ in font nullfont!
Missing character: There is no ä¹‹ in font nullfont!
Missing character: There is no å¿— in font nullfont!
Missing character: There is no ã€‚ in font nullfont!
Missing character: There is no é…Œ in font nullfont!
Missing character: There is no è´ª in font nullfont!
Missing character: There is no æ³‰ in font nullfont!
Missing character: There is no è€Œ in font nullfont!
Missing character: There is no è§‰ in font nullfont!
Missing character: There is no çˆ½ in font nullfont!
Missing character: There is no ï¼Œ in font nullfont!
Missing character: There is no å¤„ in font nullfont!
Missing character: There is no æ¶¸ in font nullfont!
Missing character: There is no è¾™ in font nullfont!
Missing character: There is no ä»¥ in font nullfont!
Missing character: There is no çŠ¹ in font nullfont!
Missing character: There is no æ¬¢ in font nullfont!
Missing character: There is no ã€‚ in font nullfont!
Missing character: There is no åŒ— in font nullfont!
Missing character: There is no æµ· in font nullfont!
Missing character: There is no è™½ in font nullfont!
Missing character: There is no èµŠ in font nullfont!
Missing character: There is no ï¼Œ in font nullfont!
Missing character: There is no æ‰¶ in font nullfont!
Missing character: There is no æ‘‡ in font nullfont!
Missing character: There is no å¯ in font nullfont!
Missing character: There is no æ¥ in font nullfont!
Missing character: There is no ï¼› in font nullfont!
Missing character: There is no ä¸œ in font nullfont!
Missing character: There is no éš… in font nullfont!
Missing character: There is no å·² in font nullfont!
Missing character: There is no é€ in font nullfont!
Missing character: There is no ï¼Œ in font nullfont!
Missing character: There is no æ¡‘ in font nullfont!
Missing character: There is no æ¦† in font nullfont!
Missing character: There is no é in font nullfont!
Missing character: There is no æ™š in font nullfont!
Missing character: There is no ã€‚ in font nullfont!
Missing character: There is no å­Ÿ in font nullfont!
Missing character: There is no å° in font nullfont!
Missing character: There is no é«˜ in font nullfont!
Missing character: There is no æ´ in font nullfont!
Missing character: There is no ï¼Œ in font nullfont!
Missing character: There is no ç©º in font nullfont!
Missing character: There is no ä½™ in font nullfont!
Missing character: There is no æŠ¥ in font nullfont!
Missing character: There is no å›½ in font nullfont!
Missing character: There is no ä¹‹ in font nullfont!
Missing character: There is no æƒ… in font nullfont!
Missing character: There is no ï¼› in font nullfont!
Missing character: There is no é˜® in font nullfont!
Missing character: There is no ç± in font nullfont!
Missing character: There is no çŒ– in font nullfont!
Missing character: There is no ç‹‚ in font nullfont!
Missing character: There is no ï¼Œ in font nullfont!
Missing character: There is no å²‚ in font nullfont!
Missing character: There is no æ•ˆ in font nullfont!
Missing character: There is no ç©· in font nullfont!
Missing character: There is no é€” in font nullfont!
Missing character: There is no ä¹‹ in font nullfont!
Missing character: There is no å“­ in font nullfont!
Missing character: There is no ï¼ in font nullfont!

Overfull \hbox (20.0pt too wide) in paragraph at lines 10--11
[] 
 []


! LaTeX Error: Missing \begin{document}.

See the LaTeX manual or LaTeX Companion for explanation.
Type  H <return>  for immediate help.
 ...                                              
                                                  
l.12 å‹ƒ
        ï¼Œä¸‰å°ºå¾®å‘½ï¼Œä¸€ä»‹ä¹¦ç”Ÿã€‚æ— è·¯è¯·ç¼¨ï¼Œç­‰ç»ˆå†›ä¹‹å¼±å† ï¼...

You're in trouble here.  Try typing  <return>  to proceed.
If that doesn't work, type  X <return>  to quit.

Missing character: There is no å‹ƒ in font nullfont!
Missing character: There is no ï¼Œ in font nullfont!
Missing character: There is no ä¸‰ in font nullfont!
Missing character: There is no å°º in font nullfont!
Missing character: There is no å¾® in font nullfont!
Missing character: There is no å‘½ in font nullfont!
Missing character: There is no ï¼Œ in font nullfont!
Missing character: There is no ä¸€ in font nullfont!
Missing character: There is no ä»‹ in font nullfont!
Missing character: There is no ä¹¦ in font nullfont!
Missing character: There is no ç”Ÿ in font nullfont!
Missing character: There is no ã€‚ in font nullfont!
Missing character: There is no æ—  in font nullfont!
Missing character: There is no è·¯ in font nullfont!
Missing character: There is no è¯· in font nullfont!
Missing character: There is no ç¼¨ in font nullfont!
Missing character: There is no ï¼Œ in font nullfont!
Missing character: There is no ç­‰ in font nullfont!
Missing character: There is no ç»ˆ in font nullfont!
Missing character: There is no å†› in font nullfont!
Missing character: There is no ä¹‹ in font nullfont!
Missing character: There is no å¼± in font nullfont!
Missing character: There is no å†  in font nullfont!
Missing character: There is no ï¼› in font nullfont!
Missing character: There is no æœ‰ in font nullfont!
Missing character: There is no æ€€ in font nullfont!
Missing character: There is no æŠ• in font nullfont!
Missing character: There is no ç¬” in font nullfont!
Missing character: There is no ï¼Œ in font nullfont!
Missing character: There is no æ…• in font nullfont!
Missing character: There is no å®— in font nullfont!
Missing character: There is no æ‚« in font nullfont!
Missing character: There is no ä¹‹ in font nullfont!
Missing character: There is no é•¿ in font nullfont!
Missing character: There is no é£ in font nullfont!
Missing character: There is no ã€‚ in font nullfont!
Missing character: There is no èˆ in font nullfont!
Missing character: There is no ç°ª in font nullfont!
Missing character: There is no ç¬ in font nullfont!
Missing character: There is no äº in font nullfont!
Missing character: There is no ç™¾ in font nullfont!
Missing character: There is no é¾„ in font nullfont!
Missing character: There is no ï¼Œ in font nullfont!
Missing character: There is no å¥‰ in font nullfont!
Missing character: There is no æ™¨ in font nullfont!
Missing character: There is no æ˜ in font nullfont!
Missing character: There is no äº in font nullfont!
Missing character: There is no ä¸‡ in font nullfont!
Missing character: There is no é‡Œ in font nullfont!
Missing character: There is no ã€‚ in font nullfont!
Missing character: There is no é in font nullfont!
Missing character: There is no è°¢ in font nullfont!
Missing character: There is no å®¶ in font nullfont!
Missing character: There is no ä¹‹ in font nullfont!
Missing character: There is no å® in font nullfont!
Missing character: There is no æ ‘ in font nullfont!
Missing character: There is no ï¼Œ in font nullfont!
Missing character: There is no æ¥ in font nullfont!
Missing character: There is no å­Ÿ in font nullfont!
Missing character: There is no æ° in font nullfont!
Missing character: There is no ä¹‹ in font nullfont!
Missing character: There is no èŠ³ in font nullfont!
Missing character: There is no é‚» in font nullfont!
Missing character: There is no ã€‚ in font nullfont!
Missing character: There is no ä»– in font nullfont!
Missing character: There is no æ—¥ in font nullfont!
Missing character: There is no è¶‹ in font nullfont!
Missing character: There is no åº­ in font nullfont!
Missing character: There is no ï¼Œ in font nullfont!
Missing character: There is no å¨ in font nullfont!
Missing character: There is no é™ª in font nullfont!
Missing character: There is no é²¤ in font nullfont!
Missing character: There is no å¯¹ in font nullfont!
Missing character: There is no ï¼› in font nullfont!
Missing character: There is no ä»Š in font nullfont!
Missing character: There is no å…¹ in font nullfont!
Missing character: There is no æ§ in font nullfont!
Missing character: There is no è¢‚ in font nullfont!
Missing character: There is no ï¼Œ in font nullfont!
Missing character: There is no å–œ in font nullfont!
Missing character: There is no æ‰˜ in font nullfont!
Missing character: There is no é¾™ in font nullfont!
Missing character: There is no é—¨ in font nullfont!
Missing character: There is no ã€‚ in font nullfont!
Missing character: There is no æ¨ in font nullfont!
Missing character: There is no æ„ in font nullfont!
Missing character: There is no ä¸ in font nullfont!
Missing character: There is no é€¢ in font nullfont!
Missing character: There is no ï¼Œ in font nullfont!
Missing character: There is no æŠš in font nullfont!
Missing character: There is no å‡Œ in font nullfont!
Missing character: There is no äº‘ in font nullfont!
Missing character: There is no è€Œ in font nullfont!
Missing character: There is no è‡ª in font nullfont!
Missing character: There is no æƒœ in font nullfont!
Missing character: There is no ï¼› in font nullfont!
Missing character: There is no é’Ÿ in font nullfont!
Missing character: There is no æœŸ in font nullfont!
Missing character: There is no æ—¢ in font nullfont!
Missing character: There is no é‡ in font nullfont!
Missing character: There is no ï¼Œ in font nullfont!
Missing character: There is no å¥ in font nullfont!
Missing character: There is no æµ in font nullfont!
Missing character: There is no æ°´ in font nullfont!
Missing character: There is no ä»¥ in font nullfont!
Missing character: There is no ä½• in font nullfont!
Missing character: There is no æƒ­ in font nullfont!
Missing character: There is no ï¼Ÿ in font nullfont!

Overfull \hbox (20.0pt too wide) in paragraph at lines 12--13
[] 
 []


! LaTeX Error: Missing \begin{document}.

See the LaTeX manual or LaTeX Companion for explanation.
Type  H <return>  for immediate help.
 ...                                              
                                                  
l.14 å‘œ
        ä¹ï¼èƒœåœ°ä¸å¸¸ï¼Œç››ç­µéš¾å†ï¼›å…°äº­å·²çŸ£ï¼Œæ¢“æ³½ä¸˜å¢Ÿã€‚ä¸...

You're in trouble here.  Try typing  <return>  to proceed.
If that doesn't work, type  X <return>  to quit.

Missing character: There is no å‘œ in font nullfont!
Missing character: There is no ä¹ in font nullfont!
Missing character: There is no ï¼ in font nullfont!
Missing character: There is no èƒœ in font nullfont!
Missing character: There is no åœ° in font nullfont!
Missing character: There is no ä¸ in font nullfont!
Missing character: There is no å¸¸ in font nullfont!
Missing character: There is no ï¼Œ in font nullfont!
Missing character: There is no ç›› in font nullfont!
Missing character: There is no ç­µ in font nullfont!
Missing character: There is no éš¾ in font nullfont!
Missing character: There is no å† in font nullfont!
Missing character: There is no ï¼› in font nullfont!
Missing character: There is no å…° in font nullfont!
Missing character: There is no äº­ in font nullfont!
Missing character: There is no å·² in font nullfont!
Missing character: There is no çŸ£ in font nullfont!
Missing character: There is no ï¼Œ in font nullfont!
Missing character: There is no æ¢“ in font nullfont!
Missing character: There is no æ³½ in font nullfont!
Missing character: There is no ä¸˜ in font nullfont!
Missing character: There is no å¢Ÿ in font nullfont!
Missing character: There is no ã€‚ in font nullfont!
Missing character: There is no ä¸´ in font nullfont!
Missing character: There is no åˆ« in font nullfont!
Missing character: There is no èµ  in font nullfont!
Missing character: There is no è¨€ in font nullfont!
Missing character: There is no ï¼Œ in font nullfont!
Missing character: There is no å¹¸ in font nullfont!
Missing character: There is no æ‰¿ in font nullfont!
Missing character: There is no æ© in font nullfont!
Missing character: There is no äº in font nullfont!
Missing character: There is no ä¼Ÿ in font nullfont!
Missing character: There is no é¥¯ in font nullfont!
Missing character: There is no ï¼› in font nullfont!
Missing character: There is no ç™» in font nullfont!
Missing character: There is no é«˜ in font nullfont!
Missing character: There is no ä½œ in font nullfont!
Missing character: There is no èµ‹ in font nullfont!
Missing character: There is no ï¼Œ in font nullfont!
Missing character: There is no æ˜¯ in font nullfont!
Missing character: There is no æ‰€ in font nullfont!
Missing character: There is no æœ› in font nullfont!
Missing character: There is no äº in font nullfont!
Missing character: There is no ç¾¤ in font nullfont!
Missing character: There is no å…¬ in font nullfont!
Missing character: There is no ã€‚ in font nullfont!
Missing character: There is no æ•¢ in font nullfont!
Missing character: There is no ç«­ in font nullfont!
Missing character: There is no é„™ in font nullfont!
Missing character: There is no æ€€ in font nullfont!
Missing character: There is no ï¼Œ in font nullfont!
Missing character: There is no æ­ in font nullfont!
Missing character: There is no ç– in font nullfont!
Missing character: There is no çŸ­ in font nullfont!
Missing character: There is no å¼• in font nullfont!
Missing character: There is no ï¼› in font nullfont!
Missing character: There is no ä¸€ in font nullfont!
Missing character: There is no è¨€ in font nullfont!
Missing character: There is no å‡ in font nullfont!
Missing character: There is no èµ‹ in font nullfont!
Missing character: There is no ï¼Œ in font nullfont!
Missing character: There is no å›› in font nullfont!
Missing character: There is no éŸµ in font nullfont!
Missing character: There is no ä¿± in font nullfont!
Missing character: There is no æˆ in font nullfont!
Missing character: There is no ã€‚ in font nullfont!
Missing character: There is no è¯· in font nullfont!
Missing character: There is no æ´’ in font nullfont!
Missing character: There is no æ½˜ in font nullfont!
Missing character: There is no æ±Ÿ in font nullfont!
Missing character: There is no ï¼Œ in font nullfont!
Missing character: There is no å„ in font nullfont!
Missing character: There is no å€¾ in font nullfont!
Missing character: There is no é™† in font nullfont!
Missing character: There is no æµ· in font nullfont!
Missing character: There is no äº‘ in font nullfont!
Missing character: There is no å°” in font nullfont!
Missing character: There is no ï¼š in font nullfont!

Overfull \hbox (20.0pt too wide) in paragraph at lines 14--15
[] 
 []


! LaTeX Error: Missing \begin{document}.

See the LaTeX manual or LaTeX Companion for explanation.
Type  H <return>  for immediate help.
 ...                                              
                                                  
l.16 \begin{verbatim}
                     
You're in trouble here.  Try typing  <return>  to proceed.
If that doesn't work, type  X <return>  to quit.


Overfull \hbox (20.0pt too wide) in paragraph at lines 16--16
[] 
 []

Missing character: There is no ã€€ in font [lmmono10-regular]:!
Missing character: There is no ã€€ in font [lmmono10-regular]:!
Missing character: There is no æ»• in font [lmmono10-regular]:!
Missing character: There is no ç‹ in font [lmmono10-regular]:!
Missing character: There is no é«˜ in font [lmmono10-regular]:!
Missing character: There is no é˜ in font [lmmono10-regular]:!
Missing character: There is no ä¸´ in font [lmmono10-regular]:!
Missing character: There is no æ±Ÿ in font [lmmono10-regular]:!
Missing character: There is no æ¸š in font [lmmono10-regular]:!
Missing character: There is no ï¼Œ in font [lmmono10-regular]:!
Missing character: There is no ä½© in font [lmmono10-regular]:!
Missing character: There is no ç‰ in font [lmmono10-regular]:!
Missing character: There is no é¸£ in font [lmmono10-regular]:!
Missing character: There is no é¸¾ in font [lmmono10-regular]:!
Missing character: There is no ç½¢ in font [lmmono10-regular]:!
Missing character: There is no æ­Œ in font [lmmono10-regular]:!
Missing character: There is no èˆ in font [lmmono10-regular]:!
Missing character: There is no ã€‚ in font [lmmono10-regular]:!

Overfull \hbox (64.8pt too wide) in paragraph at lines 21--21
[]\TU/lmtt/m/n/10 ã€€ã€€æ»•ç‹é«˜é˜ä¸´æ±Ÿæ¸šï¼Œä½©ç‰é¸£é¸¾ç½¢æ­Œèˆã€‚[] 
 []

Missing character: There is no ã€€ in font [lmmono10-regular]:!
Missing character: There is no ã€€ in font [lmmono10-regular]:!
Missing character: There is no ç”» in font [lmmono10-regular]:!
Missing character: There is no æ ‹ in font [lmmono10-regular]:!
Missing character: There is no æœ in font [lmmono10-regular]:!
Missing character: There is no é£ in font [lmmono10-regular]:!
Missing character: There is no å— in font [lmmono10-regular]:!
Missing character: There is no æµ¦ in font [lmmono10-regular]:!
Missing character: There is no äº‘ in font [lmmono10-regular]:!
Missing character: There is no ï¼Œ in font [lmmono10-regular]:!
Missing character: There is no ç  in font [lmmono10-regular]:!
Missing character: There is no å¸˜ in font [lmmono10-regular]:!
Missing character: There is no æš® in font [lmmono10-regular]:!
Missing character: There is no å· in font [lmmono10-regular]:!
Missing character: There is no è¥¿ in font [lmmono10-regular]:!
Missing character: There is no å±± in font [lmmono10-regular]:!
Missing character: There is no é›¨ in font [lmmono10-regular]:!
Missing character: There is no ã€‚ in font [lmmono10-regular]:!

Overfull \hbox (64.8pt too wide) in paragraph at lines 21--21
[]\TU/lmtt/m/n/10 ã€€ã€€ç”»æ ‹æœé£å—æµ¦äº‘ï¼Œç å¸˜æš®å·è¥¿å±±é›¨ã€‚[] 
 []

Missing character: There is no ã€€ in font [lmmono10-regular]:!
Missing character: There is no ã€€ in font [lmmono10-regular]:!
Missing character: There is no é—² in font [lmmono10-regular]:!
Missing character: There is no äº‘ in font [lmmono10-regular]:!
Missing character: There is no æ½­ in font [lmmono10-regular]:!
Missing character: There is no å½± in font [lmmono10-regular]:!
Missing character: There is no æ—¥ in font [lmmono10-regular]:!
Missing character: There is no æ‚  in font [lmmono10-regular]:!
Missing character: There is no æ‚  in font [lmmono10-regular]:!
Missing character: There is no ï¼Œ in font [lmmono10-regular]:!
Missing character: There is no ç‰© in font [lmmono10-regular]:!
Missing character: There is no æ¢ in font [lmmono10-regular]:!
Missing character: There is no æ˜Ÿ in font [lmmono10-regular]:!
Missing character: There is no ç§» in font [lmmono10-regular]:!
Missing character: There is no å‡  in font [lmmono10-regular]:!
Missing character: There is no åº¦ in font [lmmono10-regular]:!
Missing character: There is no ç§‹ in font [lmmono10-regular]:!
Missing character: There is no ã€‚ in font [lmmono10-regular]:!

Overfull \hbox (64.8pt too wide) in paragraph at lines 21--21
[]\TU/lmtt/m/n/10 ã€€ã€€é—²äº‘æ½­å½±æ—¥æ‚ æ‚ ï¼Œç‰©æ¢æ˜Ÿç§»å‡ åº¦ç§‹ã€‚[] 
 []

Missing character: There is no ã€€ in font [lmmono10-regular]:!
Missing character: There is no ã€€ in font [lmmono10-regular]:!
Missing character: There is no é˜ in font [lmmono10-regular]:!
Missing character: There is no ä¸­ in font [lmmono10-regular]:!
Missing character: There is no å¸ in font [lmmono10-regular]:!
Missing character: There is no å­ in font [lmmono10-regular]:!
Missing character: There is no ä»Š in font [lmmono10-regular]:!
Missing character: There is no ä½• in font [lmmono10-regular]:!
Missing character: There is no åœ¨ in font [lmmono10-regular]:!
Missing character: There is no ï¼Ÿ in font [lmmono10-regular]:!
Missing character: There is no æ§› in font [lmmono10-regular]:!
Missing character: There is no å¤– in font [lmmono10-regular]:!
Missing character: There is no é•¿ in font [lmmono10-regular]:!
Missing character: There is no æ±Ÿ in font [lmmono10-regular]:!
Missing character: There is no ç©º in font [lmmono10-regular]:!
Missing character: There is no è‡ª in font [lmmono10-regular]:!
Missing character: There is no æµ in font [lmmono10-regular]:!
Missing character: There is no ã€‚ in font [lmmono10-regular]:!

Overfull \hbox (64.8pt too wide) in paragraph at lines 21--21
[]\TU/lmtt/m/n/10 ã€€ã€€é˜ä¸­å¸å­ä»Šä½•åœ¨ï¼Ÿæ§›å¤–é•¿æ±Ÿç©ºè‡ªæµã€‚[] 
 []

)
! Emergency stop.
<*> section2.2.tex
                  
*** (job aborted, no legal \end found)

 
Here is how much of TeX's memory you used:
 11 strings out of 493005
 197 string characters out of 6134596
 61634 words of memory out of 5000000
 4080 multiletter control sequences out of 15000+600000
 3656 words of font info for 16 fonts, out of 8000000 for 9000
 1348 hyphenation exceptions out of 8191
 17i,1n,11p,195b,159s stack positions out of 5000i,500n,10000p,200000b,80000s
No pages of output.
